<?xml version="1.0" encoding="UTF-8"?>
<!-- Generated by org.testng.reporters.JUnitReportReporter -->
<testsuite skipped="0" hostname="LPT-426" name="com.test.Sample4" tests="1" failures="0" timestamp="2021-05-13T18:22:36 IST" time="0.001" errors="0">
  <testcase name="test" time="0.001" classname="com.test.Sample4"/>
  <system-out/>
</testsuite> <!-- com.test.Sample4 -->
