<?xml version="1.0" encoding="UTF-8"?>
<!-- Generated by org.testng.reporters.JUnitReportReporter -->
<testsuite skipped="0" hostname="LPT-426" name="com.test.Sample" tests="1" failures="0" timestamp="2021-05-13T18:22:36 IST" time="0.012" errors="0">
  <testcase name="tes2" time="0.012" classname="com.test.Sample"/>
  <system-out/>
</testsuite> <!-- com.test.Sample -->
