<?xml version="1.0" encoding="UTF-8"?>
<!-- Generated by org.testng.reporters.JUnitReportReporter -->
<testsuite skipped="0" hostname="LPT-426" name="com.test.Sample7" tests="2" failures="0" timestamp="2021-05-15T17:37:01 IST" time="0.007" errors="0">
  <testcase name="test2" time="0.004" classname="com.test.Sample7"/>
  <system-out/>
  <testcase name="test1" time="0.003" classname="com.test.Sample7"/>
  <system-out/>
</testsuite> <!-- com.test.Sample7 -->
