<?xml version="1.0" encoding="UTF-8"?>
<!-- Generated by org.testng.reporters.JUnitReportReporter -->
<testsuite skipped="0" hostname="LPT-426" name="com.test.Sample2" tests="1" failures="0" timestamp="2021-05-14T12:42:51 IST" time="0.018" errors="0">
  <testcase name="test2" time="0.018" classname="com.test.Sample2"/>
  <system-out/>
</testsuite> <!-- com.test.Sample2 -->
