<?xml version="1.0" encoding="UTF-8"?>
<!-- Generated by org.testng.reporters.JUnitReportReporter -->
<testsuite skipped="0" hostname="LPT-426" name="com.test2.Sample3" tests="6" failures="0" timestamp="2021-05-13T12:29:32 IST" time="0.011" errors="0">
  <testcase name="WebLoginCar" time="0.003" classname="com.test2.Sample3"/>
  <system-out/>
  <testcase name="MobilLogin_Test3" time="0.002" classname="com.test2.Sample3"/>
  <system-out/>
  <testcase name="APILogin" time="0.002" classname="com.test2.Sample3"/>
  <system-out/>
  <testcase name="MobilLogin_Test1" time="0.002" classname="com.test2.Sample3"/>
  <system-out/>
  <testcase name="MobilLogin_Test2" time="0.001" classname="com.test2.Sample3"/>
  <system-out/>
  <testcase name="MobilLogin_Test4" time="0.001" classname="com.test2.Sample3"/>
  <system-out/>
</testsuite> <!-- com.test2.Sample3 -->
