<?xml version="1.0" encoding="UTF-8"?>
<!-- Generated by org.testng.reporters.JUnitReportReporter -->
<testsuite skipped="0" hostname="LPT-426" name="com.test2.Sample" tests="2" failures="0" timestamp="2021-05-13T12:29:32 IST" time="0.007" errors="0">
  <testcase name="tes2" time="0.002" classname="com.test2.Sample"/>
  <system-out/>
  <testcase name="test" time="0.005" classname="com.test2.Sample"/>
  <system-out/>
</testsuite> <!-- com.test2.Sample -->
