<?xml version="1.0" encoding="UTF-8"?>
<!-- Generated by org.testng.reporters.JUnitReportReporter -->
<testsuite skipped="0" hostname="LPT-426" name="com.test.Sample9" tests="3" failures="0" timestamp="2021-05-15T13:00:04 IST" time="0.023" errors="0">
  <testcase name="test" time="0.007" classname="com.test.Sample9"/>
  <system-out/>
  <testcase name="test" time="0.005" classname="com.test.Sample9"/>
  <system-out/>
  <testcase name="test" time="0.011" classname="com.test.Sample9"/>
  <system-out/>
</testsuite> <!-- com.test.Sample9 -->
